Opened serial port /dev/ttyACM0
Beacon GetRawDistances for device 255 failed: error 3 
Beacon from 15 to 2 is 19468[mm]
Beacon from 15 to 4 is 19697[mm]
Beacon from 15 to 5 is 0[mm]
Beacon from 15 to 6 is 11476[mm]
Beacon from 15 to 7 is 0[mm]
Beacon from 15 to 8 is 0[mm]
Beacon from 15 to 1 is 5523[mm]
Beacon from 15 to 3 is 5755[mm]
--  --
Beacon from 15 to 2 is 19468[mm]
Beacon from 15 to 4 is 19697[mm]
Beacon from 15 to 5 is 0[mm]
Beacon from 15 to 6 is 11476[mm]
Beacon from 15 to 7 is 0[mm]
Beacon from 15 to 8 is 0[mm]
Beacon from 15 to 1 is 5523[mm]
Beacon from 15 to 3 is 5755[mm]
--  --
Beacon from 15 to 2 is 19488[mm]
Beacon from 15 to 4 is 19697[mm]
Beacon from 15 to 5 is 0[mm]
Beacon from 15 to 6 is 11476[mm]
Beacon from 15 to 7 is 0[mm]
Beacon from 15 to 8 is 0[mm]
Beacon from 15 to 1 is 5520[mm]
Beacon from 15 to 3 is 5754[mm]
--  --
Beacon from 15 to 2 is 19488[mm]
Beacon from 15 to 4 is 19697[mm]
Beacon from 15 to 5 is 0[mm]
Beacon from 15 to 6 is 11476[mm]
Beacon from 15 to 7 is 0[mm]
Beacon from 15 to 8 is 0[mm]
Beacon from 15 to 1 is 5520[mm]
Beacon from 15 to 3 is 5754[mm]
--  --
Beacon from 15 to 2 is 19486[mm]
Beacon from 15 to 4 is 19694[mm]
Beacon from 15 to 5 is 0[mm]
Beacon from 15 to 6 is 0[mm]
Beacon from 15 to 7 is 0[mm]
Beacon from 15 to 8 is 0[mm]
Beacon from 15 to 1 is 5520[mm]
Beacon from 15 to 3 is 5755[mm]
--  --
Beacon from 15 to 2 is 19489[mm]
Beacon from 15 to 4 is 19686[mm]
Beacon from 15 to 5 is 0[mm]
Beacon from 15 to 6 is 0[mm]
Beacon from 15 to 7 is 0[mm]
Beacon from 15 to 8 is 0[mm]
Beacon from 15 to 1 is 5522[mm]
Beacon from 15 to 3 is 5761[mm]
--  --
Beacon from 15 to 2 is 19489[mm]
Beacon from 15 to 4 is 19686[mm]
Beacon from 15 to 5 is 0[mm]
Beacon from 15 to 6 is 0[mm]
Beacon from 15 to 7 is 0[mm]
Beacon from 15 to 8 is 0[mm]
Beacon from 15 to 1 is 5522[mm]
Beacon from 15 to 3 is 5761[mm]
--  --
Beacon from 15 to 2 is 19482[mm]
Beacon from 15 to 4 is 19691[mm]
Beacon from 15 to 5 is 0[mm]
Beacon from 15 to 6 is 0[mm]
Beacon from 15 to 7 is 0[mm]
Beacon from 15 to 8 is 0[mm]
Beacon from 15 to 1 is 5527[mm]
Beacon from 15 to 3 is 5762[mm]
--  --
Beacon from 15 to 2 is 19482[mm]
Beacon from 15 to 4 is 19691[mm]
Beacon from 15 to 5 is 0[mm]
Beacon from 15 to 6 is 0[mm]
Beacon from 15 to 7 is 0[mm]
Beacon from 15 to 8 is 0[mm]
Beacon from 15 to 1 is 5527[mm]
Beacon from 15 to 3 is 5762[mm]
--  --
Beacon from 15 to 2 is 19481[mm]
Beacon from 15 to 4 is 19711[mm]
Beacon from 15 to 5 is 0[mm]
Beacon from 15 to 6 is 0[mm]
Beacon from 15 to 7 is 0[mm]
Beacon from 15 to 8 is 0[mm]
Beacon from 15 to 1 is 5530[mm]
Beacon from 15 to 3 is 5757[mm]
--  --
Beacon from 15 to 2 is 19481[mm]
Beacon from 15 to 4 is 19711[mm]
Beacon from 15 to 5 is 0[mm]
Beacon from 15 to 6 is 0[mm]
Beacon from 15 to 7 is 0[mm]
Beacon from 15 to 8 is 0[mm]
Beacon from 15 to 1 is 5530[mm]
Beacon from 15 to 3 is 5757[mm]
--  --
Beacon from 15 to 2 is 19492[mm]
Beacon from 15 to 4 is 19680[mm]
Beacon from 15 to 5 is 0[mm]
Beacon from 15 to 6 is 0[mm]
Beacon from 15 to 7 is 0[mm]
Beacon from 15 to 8 is 0[mm]
Beacon from 15 to 1 is 5528[mm]
Beacon from 15 to 3 is 5756[mm]
--  --
Beacon from 15 to 2 is 19507[mm]
Beacon from 15 to 4 is 19698[mm]
Beacon from 15 to 5 is 0[mm]
Beacon from 15 to 6 is 0[mm]
Beacon from 15 to 7 is 0[mm]
Beacon from 15 to 8 is 0[mm]
Beacon from 15 to 1 is 5526[mm]
Beacon from 15 to 3 is 5756[mm]
--  --
Beacon from 15 to 2 is 19507[mm]
Beacon from 15 to 4 is 19698[mm]
Beacon from 15 to 5 is 0[mm]
Beacon from 15 to 6 is 0[mm]
Beacon from 15 to 7 is 0[mm]
Beacon from 15 to 8 is 0[mm]
Beacon from 15 to 1 is 5526[mm]
Beacon from 15 to 3 is 5756[mm]
--  --
Beacon from 15 to 2 is 19486[mm]
Beacon from 15 to 4 is 19710[mm]
Beacon from 15 to 5 is 0[mm]
Beacon from 15 to 6 is 0[mm]
Beacon from 15 to 7 is 0[mm]
Beacon from 15 to 8 is 0[mm]
Beacon from 15 to 1 is 5524[mm]
Beacon from 15 to 3 is 5753[mm]
--  --
Beacon from 15 to 2 is 19486[mm]
Beacon from 15 to 4 is 19710[mm]
Beacon from 15 to 5 is 0[mm]
Beacon from 15 to 6 is 0[mm]
Beacon from 15 to 7 is 0[mm]
Beacon from 15 to 8 is 0[mm]
Beacon from 15 to 1 is 5524[mm]
Beacon from 15 to 3 is 5753[mm]
--  --
Beacon from 15 to 2 is 19507[mm]
Beacon from 15 to 4 is 19710[mm]
Beacon from 15 to 5 is 0[mm]
Beacon from 15 to 6 is 0[mm]
Beacon from 15 to 7 is 0[mm]
Beacon from 15 to 8 is 0[mm]
Beacon from 15 to 1 is 5521[mm]
Beacon from 15 to 3 is 5756[mm]
--  --
Beacon from 15 to 2 is 19523[mm]
Beacon from 15 to 4 is 19710[mm]
Beacon from 15 to 5 is 0[mm]
Beacon from 15 to 6 is 0[mm]
Beacon from 15 to 7 is 0[mm]
Beacon from 15 to 8 is 0[mm]
Beacon from 15 to 1 is 5522[mm]
Beacon from 15 to 3 is 5756[mm]
--  --
Beacon from 15 to 2 is 19523[mm]
Beacon from 15 to 4 is 19715[mm]
Beacon from 15 to 5 is 0[mm]
Beacon from 15 to 6 is 0[mm]
Beacon from 15 to 7 is 0[mm]
Beacon from 15 to 8 is 0[mm]
Beacon from 15 to 1 is 5522[mm]
Beacon from 15 to 3 is 5754[mm]
--  --
Beacon from 15 to 2 is 19496[mm]
Beacon from 15 to 4 is 19722[mm]
Beacon from 15 to 5 is 0[mm]
Beacon from 15 to 6 is 0[mm]
Beacon from 15 to 7 is 0[mm]
Beacon from 15 to 8 is 0[mm]
Beacon from 15 to 1 is 5516[mm]
Beacon from 15 to 3 is 5752[mm]
--  --
Beacon from 15 to 2 is 19496[mm]
Beacon from 15 to 4 is 19722[mm]
Beacon from 15 to 5 is 0[mm]
Beacon from 15 to 6 is 0[mm]
Beacon from 15 to 7 is 0[mm]
Beacon from 15 to 8 is 0[mm]
Beacon from 15 to 1 is 5516[mm]
Beacon from 15 to 3 is 5752[mm]
--  --
Beacon from 15 to 2 is 19504[mm]
Beacon from 15 to 4 is 19729[mm]
Beacon from 15 to 5 is 0[mm]
Beacon from 15 to 6 is 0[mm]
Beacon from 15 to 7 is 0[mm]
Beacon from 15 to 8 is 0[mm]
Beacon from 15 to 1 is 5519[mm]
Beacon from 15 to 3 is 5756[mm]
--  --
Beacon from 15 to 2 is 19504[mm]
Beacon from 15 to 4 is 19729[mm]
Beacon from 15 to 5 is 0[mm]
Beacon from 15 to 6 is 0[mm]
Beacon from 15 to 7 is 0[mm]
Beacon from 15 to 8 is 0[mm]
Beacon from 15 to 1 is 5519[mm]
Beacon from 15 to 3 is 5756[mm]
--  --
Beacon from 15 to 2 is 19504[mm]
Beacon from 15 to 4 is 19731[mm]
Beacon from 15 to 5 is 0[mm]
Beacon from 15 to 6 is 0[mm]
Beacon from 15 to 7 is 0[mm]
Beacon from 15 to 8 is 0[mm]
Beacon from 15 to 1 is 5520[mm]
Beacon from 15 to 3 is 5753[mm]
--  --
Beacon from 15 to 2 is 19497[mm]
Beacon from 15 to 4 is 19731[mm]
Beacon from 15 to 5 is 0[mm]
Beacon from 15 to 6 is 0[mm]
Beacon from 15 to 7 is 0[mm]
Beacon from 15 to 8 is 0[mm]
Beacon from 15 to 1 is 5515[mm]
Beacon from 15 to 3 is 5755[mm]
--  --
Beacon from 15 to 2 is 19497[mm]
Beacon from 15 to 4 is 19722[mm]
Beacon from 15 to 5 is 0[mm]
Beacon from 15 to 6 is 0[mm]
Beacon from 15 to 7 is 0[mm]
Beacon from 15 to 8 is 0[mm]
Beacon from 15 to 1 is 5515[mm]
Beacon from 15 to 3 is 5755[mm]
--  --
Beacon from 15 to 2 is 19513[mm]
Beacon from 15 to 4 is 19701[mm]
Beacon from 15 to 5 is 0[mm]
Beacon from 15 to 6 is 0[mm]
Beacon from 15 to 7 is 0[mm]
Beacon from 15 to 8 is 0[mm]
Beacon from 15 to 1 is 5511[mm]
Beacon from 15 to 3 is 5754[mm]
--  --
Beacon from 15 to 2 is 19513[mm]
Beacon from 15 to 4 is 19701[mm]
Beacon from 15 to 5 is 0[mm]
Beacon from 15 to 6 is 0[mm]
Beacon from 15 to 7 is 0[mm]
Beacon from 15 to 8 is 0[mm]
Beacon from 15 to 1 is 5511[mm]
Beacon from 15 to 3 is 5754[mm]
--  --
Beacon from 15 to 2 is 19500[mm]
Beacon from 15 to 4 is 19710[mm]
Beacon from 15 to 5 is 0[mm]
Beacon from 15 to 6 is 0[mm]
Beacon from 15 to 7 is 0[mm]
Beacon from 15 to 8 is 0[mm]
Beacon from 15 to 1 is 5517[mm]
Beacon from 15 to 3 is 5748[mm]
--  --
Beacon from 15 to 2 is 19500[mm]
Beacon from 15 to 4 is 19710[mm]
Beacon from 15 to 5 is 0[mm]
Beacon from 15 to 6 is 0[mm]
Beacon from 15 to 7 is 0[mm]
Beacon from 15 to 8 is 0[mm]
Beacon from 15 to 1 is 5517[mm]
Beacon from 15 to 3 is 5748[mm]
--  --
Beacon from 15 to 2 is 19519[mm]
Beacon from 15 to 4 is 19700[mm]
Beacon from 15 to 5 is 0[mm]
Beacon from 15 to 6 is 0[mm]
Beacon from 15 to 7 is 0[mm]
Beacon from 15 to 8 is 0[mm]
Beacon from 15 to 1 is 5512[mm]
Beacon from 15 to 3 is 5751[mm]
--  --
Beacon from 15 to 2 is 19522[mm]
Beacon from 15 to 4 is 19685[mm]
Beacon from 15 to 5 is 0[mm]
Beacon from 15 to 6 is 0[mm]
Beacon from 15 to 7 is 0[mm]
Beacon from 15 to 8 is 0[mm]
Beacon from 15 to 1 is 5511[mm]
Beacon from 15 to 3 is 5751[mm]
--  --
Beacon from 15 to 2 is 19522[mm]
Beacon from 15 to 4 is 19685[mm]
Beacon from 15 to 5 is 0[mm]
Beacon from 15 to 6 is 25556[mm]
Beacon from 15 to 7 is 0[mm]
Beacon from 15 to 8 is 0[mm]
Beacon from 15 to 1 is 5511[mm]
Beacon from 15 to 3 is 5751[mm]
--  --
Beacon from 15 to 2 is 19527[mm]
Beacon from 15 to 4 is 19685[mm]
Beacon from 15 to 5 is 0[mm]
Beacon from 15 to 6 is 25556[mm]
Beacon from 15 to 7 is 0[mm]
Beacon from 15 to 8 is 0[mm]
Beacon from 15 to 1 is 5517[mm]
Beacon from 15 to 3 is 5756[mm]
--  --
Beacon from 15 to 2 is 19527[mm]
Beacon from 15 to 4 is 19685[mm]
Beacon from 15 to 5 is 0[mm]
Beacon from 15 to 6 is 25556[mm]
Beacon from 15 to 7 is 0[mm]
Beacon from 15 to 8 is 0[mm]
Beacon from 15 to 1 is 5517[mm]
Beacon from 15 to 3 is 5756[mm]
--  --
Beacon from 15 to 2 is 19510[mm]
Beacon from 15 to 4 is 19685[mm]
Beacon from 15 to 5 is 0[mm]
Beacon from 15 to 6 is 25556[mm]
Beacon from 15 to 7 is 0[mm]
Beacon from 15 to 8 is 0[mm]
Beacon from 15 to 1 is 5519[mm]
Beacon from 15 to 3 is 5752[mm]
--  --
Beacon from 15 to 2 is 19510[mm]
Beacon from 15 to 4 is 19685[mm]
Beacon from 15 to 5 is 0[mm]
Beacon from 15 to 6 is 25556[mm]
Beacon from 15 to 7 is 0[mm]
Beacon from 15 to 8 is 0[mm]
Beacon from 15 to 1 is 5514[mm]
Beacon from 15 to 3 is 5752[mm]
--  --
Beacon from 15 to 2 is 19512[mm]
Beacon from 15 to 4 is 19685[mm]
Beacon from 15 to 5 is 0[mm]
Beacon from 15 to 6 is 25556[mm]
Beacon from 15 to 7 is 0[mm]
Beacon from 15 to 8 is 0[mm]
Beacon from 15 to 1 is 5514[mm]
Beacon from 15 to 3 is 5757[mm]
--  --
Beacon from 15 to 2 is 19506[mm]
Beacon from 15 to 4 is 19735[mm]
Beacon from 15 to 5 is 0[mm]
Beacon from 15 to 6 is 25556[mm]
Beacon from 15 to 7 is 0[mm]
Beacon from 15 to 8 is 0[mm]
Beacon from 15 to 1 is 5513[mm]
Beacon from 15 to 3 is 5757[mm]
--  --
Beacon from 15 to 2 is 19506[mm]
Beacon from 15 to 4 is 19735[mm]
Beacon from 15 to 5 is 0[mm]
Beacon from 15 to 6 is 25556[mm]
Beacon from 15 to 7 is 0[mm]
Beacon from 15 to 8 is 0[mm]
Beacon from 15 to 1 is 5513[mm]
Beacon from 15 to 3 is 5757[mm]
--  --
Beacon from 15 to 2 is 19499[mm]
Beacon from 15 to 4 is 19686[mm]
Beacon from 15 to 5 is 0[mm]
Beacon from 15 to 6 is 25556[mm]
Beacon from 15 to 7 is 0[mm]
Beacon from 15 to 8 is 0[mm]
Beacon from 15 to 1 is 5517[mm]
Beacon from 15 to 3 is 5755[mm]
--  --
Beacon from 15 to 2 is 19499[mm]
Beacon from 15 to 4 is 19686[mm]
Beacon from 15 to 5 is 0[mm]
Beacon from 15 to 6 is 25556[mm]
Beacon from 15 to 7 is 0[mm]
Beacon from 15 to 8 is 0[mm]
Beacon from 15 to 1 is 5517[mm]
Beacon from 15 to 3 is 5755[mm]
--  --
Beacon from 15 to 2 is 19512[mm]
Beacon from 15 to 4 is 19699[mm]
Beacon from 15 to 5 is 0[mm]
Beacon from 15 to 6 is 25556[mm]
Beacon from 15 to 7 is 0[mm]
Beacon from 15 to 8 is 0[mm]
Beacon from 15 to 1 is 5519[mm]
Beacon from 15 to 3 is 5756[mm]
--  --
Beacon from 15 to 2 is 19507[mm]
Beacon from 15 to 4 is 19699[mm]
Beacon from 15 to 5 is 0[mm]
Beacon from 15 to 6 is 25556[mm]
Beacon from 15 to 7 is 0[mm]
Beacon from 15 to 8 is 0[mm]
Beacon from 15 to 1 is 5527[mm]
Beacon from 15 to 3 is 5756[mm]
--  --
Beacon from 15 to 2 is 19507[mm]
Beacon from 15 to 4 is 19677[mm]
Beacon from 15 to 5 is 0[mm]
Beacon from 15 to 6 is 25556[mm]
Beacon from 15 to 7 is 0[mm]
Beacon from 15 to 8 is 0[mm]
Beacon from 15 to 1 is 5527[mm]
Beacon from 15 to 3 is 5752[mm]
--  --
Beacon from 15 to 2 is 19453[mm]
Beacon from 15 to 4 is 19627[mm]
Beacon from 15 to 5 is 0[mm]
Beacon from 15 to 6 is 0[mm]
Beacon from 15 to 7 is 0[mm]
Beacon from 15 to 8 is 0[mm]
Beacon from 15 to 1 is 5552[mm]
Beacon from 15 to 3 is 5742[mm]
--  --
Beacon from 15 to 2 is 19453[mm]
Beacon from 15 to 4 is 19627[mm]
Beacon from 15 to 5 is 0[mm]
Beacon from 15 to 6 is 0[mm]
Beacon from 15 to 7 is 0[mm]
Beacon from 15 to 8 is 0[mm]
Beacon from 15 to 1 is 5552[mm]
Beacon from 15 to 3 is 5742[mm]
--  --
Beacon from 15 to 2 is 19381[mm]
Beacon from 15 to 4 is 19536[mm]
Beacon from 15 to 5 is 0[mm]
Beacon from 15 to 6 is 0[mm]
Beacon from 15 to 7 is 0[mm]
Beacon from 15 to 8 is 0[mm]
Beacon from 15 to 1 is 5591[mm]
Beacon from 15 to 3 is 5735[mm]
--  --
Beacon from 15 to 2 is 19381[mm]
Beacon from 15 to 4 is 19536[mm]
Beacon from 15 to 5 is 0[mm]
Beacon from 15 to 6 is 0[mm]
Beacon from 15 to 7 is 0[mm]
Beacon from 15 to 8 is 0[mm]
Beacon from 15 to 1 is 5591[mm]
Beacon from 15 to 3 is 5735[mm]
--  --
Beacon from 15 to 2 is 19276[mm]
Beacon from 15 to 4 is 19428[mm]
Beacon from 15 to 5 is 0[mm]
Beacon from 15 to 6 is 0[mm]
Beacon from 15 to 7 is 0[mm]
Beacon from 15 to 8 is 0[mm]
Beacon from 15 to 1 is 5617[mm]
Beacon from 15 to 3 is 5743[mm]
--  --
Beacon from 15 to 2 is 19134[mm]
Beacon from 15 to 4 is 19293[mm]
Beacon from 15 to 5 is 0[mm]
Beacon from 15 to 6 is 0[mm]
Beacon from 15 to 7 is 0[mm]
Beacon from 15 to 8 is 0[mm]
Beacon from 15 to 1 is 5656[mm]
Beacon from 15 to 3 is 5764[mm]
--  --
Beacon from 15 to 2 is 19134[mm]
Beacon from 15 to 4 is 19293[mm]
Beacon from 15 to 5 is 0[mm]
Beacon from 15 to 6 is 0[mm]
Beacon from 15 to 7 is 0[mm]
Beacon from 15 to 8 is 0[mm]
Beacon from 15 to 1 is 5656[mm]
Beacon from 15 to 3 is 5764[mm]
--  --
Beacon from 15 to 2 is 18979[mm]
Beacon from 15 to 4 is 19156[mm]
Beacon from 15 to 5 is 0[mm]
Beacon from 15 to 6 is 0[mm]
Beacon from 15 to 7 is 0[mm]
Beacon from 15 to 8 is 0[mm]
Beacon from 15 to 1 is 5688[mm]
Beacon from 15 to 3 is 5802[mm]
--  --
Beacon from 15 to 2 is 18979[mm]
Beacon from 15 to 4 is 19156[mm]
Beacon from 15 to 5 is 0[mm]
Beacon from 15 to 6 is 0[mm]
Beacon from 15 to 7 is 0[mm]
Beacon from 15 to 8 is 0[mm]
Beacon from 15 to 1 is 5688[mm]
Beacon from 15 to 3 is 5802[mm]
--  --
Beacon from 15 to 2 is 18848[mm]
Beacon from 15 to 4 is 19022[mm]
Beacon from 15 to 5 is 0[mm]
Beacon from 15 to 6 is 0[mm]
Beacon from 15 to 7 is 0[mm]
Beacon from 15 to 8 is 0[mm]
Beacon from 15 to 1 is 5712[mm]
Beacon from 15 to 3 is 5843[mm]
--  --
Beacon from 15 to 2 is 18848[mm]
Beacon from 15 to 4 is 19022[mm]
Beacon from 15 to 5 is 0[mm]
Beacon from 15 to 6 is 0[mm]
Beacon from 15 to 7 is 0[mm]
Beacon from 15 to 8 is 0[mm]
Beacon from 15 to 1 is 5712[mm]
Beacon from 15 to 3 is 5843[mm]
--  --
Beacon from 15 to 2 is 18726[mm]
Beacon from 15 to 4 is 18876[mm]
Beacon from 15 to 5 is 0[mm]
Beacon from 15 to 6 is 0[mm]
Beacon from 15 to 7 is 0[mm]
Beacon from 15 to 8 is 0[mm]
Beacon from 15 to 1 is 5771[mm]
Beacon from 15 to 3 is 5881[mm]
--  --
Beacon from 15 to 2 is 18561[mm]
Beacon from 15 to 4 is 18719[mm]
Beacon from 15 to 5 is 0[mm]
Beacon from 15 to 6 is 0[mm]
Beacon from 15 to 7 is 0[mm]
Beacon from 15 to 8 is 0[mm]
Beacon from 15 to 1 is 5836[mm]
Beacon from 15 to 3 is 5921[mm]
--  --
Beacon from 15 to 2 is 18561[mm]
Beacon from 15 to 4 is 18719[mm]
Beacon from 15 to 5 is 0[mm]
Beacon from 15 to 6 is 0[mm]
Beacon from 15 to 7 is 0[mm]
Beacon from 15 to 8 is 0[mm]
Beacon from 15 to 1 is 5836[mm]
Beacon from 15 to 3 is 5921[mm]
--  --
Beacon from 15 to 2 is 18421[mm]
Beacon from 15 to 4 is 18565[mm]
Beacon from 15 to 5 is 0[mm]
Beacon from 15 to 6 is 0[mm]
Beacon from 15 to 7 is 0[mm]
Beacon from 15 to 8 is 0[mm]
Beacon from 15 to 1 is 5897[mm]
Beacon from 15 to 3 is 5965[mm]
--  --
Beacon from 15 to 2 is 18421[mm]
Beacon from 15 to 4 is 18565[mm]
Beacon from 15 to 5 is 0[mm]
Beacon from 15 to 6 is 0[mm]
Beacon from 15 to 7 is 0[mm]
Beacon from 15 to 8 is 0[mm]
Beacon from 15 to 1 is 5897[mm]
Beacon from 15 to 3 is 5965[mm]
--  --
Beacon from 15 to 2 is 18276[mm]
Beacon from 15 to 4 is 18434[mm]
Beacon from 15 to 5 is 0[mm]
Beacon from 15 to 6 is 0[mm]
Beacon from 15 to 7 is 0[mm]
Beacon from 15 to 8 is 0[mm]
Beacon from 15 to 1 is 5948[mm]
Beacon from 15 to 3 is 6025[mm]
--  --
Beacon from 15 to 2 is 18124[mm]
Beacon from 15 to 4 is 18434[mm]
Beacon from 15 to 5 is 0[mm]
Beacon from 15 to 6 is 0[mm]
Beacon from 15 to 7 is 0[mm]
Beacon from 15 to 8 is 0[mm]
Beacon from 15 to 1 is 5995[mm]
Beacon from 15 to 3 is 6025[mm]
--  --
Beacon from 15 to 2 is 18124[mm]
Beacon from 15 to 4 is 18292[mm]
Beacon from 15 to 5 is 0[mm]
Beacon from 15 to 6 is 0[mm]
Beacon from 15 to 7 is 0[mm]
Beacon from 15 to 8 is 0[mm]
Beacon from 15 to 1 is 5995[mm]
Beacon from 15 to 3 is 6098[mm]
--  --
Beacon from 15 to 2 is 18008[mm]
Beacon from 15 to 4 is 18147[mm]
Beacon from 15 to 5 is 0[mm]
Beacon from 15 to 6 is 0[mm]
Beacon from 15 to 7 is 0[mm]
Beacon from 15 to 8 is 0[mm]
Beacon from 15 to 1 is 6049[mm]
Beacon from 15 to 3 is 6181[mm]
--  --
Beacon from 15 to 2 is 18008[mm]
Beacon from 15 to 4 is 18147[mm]
Beacon from 15 to 5 is 0[mm]
Beacon from 15 to 6 is 0[mm]
Beacon from 15 to 7 is 0[mm]
Beacon from 15 to 8 is 0[mm]
Beacon from 15 to 1 is 6049[mm]
Beacon from 15 to 3 is 6181[mm]
--  --
Beacon from 15 to 2 is 17800[mm]
Beacon from 15 to 4 is 17963[mm]
Beacon from 15 to 5 is 0[mm]
Beacon from 15 to 6 is 0[mm]
Beacon from 15 to 7 is 0[mm]
Beacon from 15 to 8 is 0[mm]
Beacon from 15 to 1 is 6130[mm]
Beacon from 15 to 3 is 6258[mm]
--  --
Beacon from 15 to 2 is 17800[mm]
Beacon from 15 to 4 is 17963[mm]
Beacon from 15 to 5 is 0[mm]
Beacon from 15 to 6 is 0[mm]
Beacon from 15 to 7 is 0[mm]
Beacon from 15 to 8 is 0[mm]
Beacon from 15 to 1 is 6130[mm]
Beacon from 15 to 3 is 6258[mm]
--  --
Beacon from 15 to 2 is 17645[mm]
Beacon from 15 to 4 is 17805[mm]
Beacon from 15 to 5 is 0[mm]
Beacon from 15 to 6 is 0[mm]
Beacon from 15 to 7 is 0[mm]
Beacon from 15 to 8 is 0[mm]
Beacon from 15 to 1 is 6209[mm]
Beacon from 15 to 3 is 6340[mm]
--  --
Beacon from 15 to 2 is 17474[mm]
Beacon from 15 to 4 is 17805[mm]
Beacon from 15 to 5 is 0[mm]
Beacon from 15 to 6 is 0[mm]
Beacon from 15 to 7 is 0[mm]
Beacon from 15 to 8 is 0[mm]
Beacon from 15 to 1 is 6306[mm]
Beacon from 15 to 3 is 6414[mm]
--  --
Beacon from 15 to 2 is 17474[mm]
Beacon from 15 to 4 is 17631[mm]
Beacon from 15 to 5 is 0[mm]
Beacon from 15 to 6 is 0[mm]
Beacon from 15 to 7 is 0[mm]
Beacon from 15 to 8 is 0[mm]
Beacon from 15 to 1 is 6306[mm]
Beacon from 15 to 3 is 6414[mm]
--  --
Beacon from 15 to 2 is 17288[mm]
Beacon from 15 to 4 is 17463[mm]
Beacon from 15 to 5 is 0[mm]
Beacon from 15 to 6 is 0[mm]
Beacon from 15 to 7 is 0[mm]
Beacon from 15 to 8 is 0[mm]
Beacon from 15 to 1 is 6399[mm]
Beacon from 15 to 3 is 6494[mm]
--  --
Beacon from 15 to 2 is 17288[mm]
Beacon from 15 to 4 is 17463[mm]
Beacon from 15 to 5 is 0[mm]
Beacon from 15 to 6 is 0[mm]
Beacon from 15 to 7 is 0[mm]
Beacon from 15 to 8 is 0[mm]
Beacon from 15 to 1 is 6399[mm]
Beacon from 15 to 3 is 6494[mm]
--  --
Beacon from 15 to 2 is 17129[mm]
Beacon from 15 to 4 is 17295[mm]
Beacon from 15 to 5 is 0[mm]
Beacon from 15 to 6 is 0[mm]
Beacon from 15 to 7 is 0[mm]
Beacon from 15 to 8 is 0[mm]
Beacon from 15 to 1 is 6495[mm]
Beacon from 15 to 3 is 6570[mm]
--  --
Beacon from 15 to 2 is 17129[mm]
Beacon from 15 to 4 is 17295[mm]
Beacon from 15 to 5 is 0[mm]
Beacon from 15 to 6 is 0[mm]
Beacon from 15 to 7 is 0[mm]
Beacon from 15 to 8 is 0[mm]
Beacon from 15 to 1 is 6495[mm]
Beacon from 15 to 3 is 6570[mm]
--  --
Beacon from 15 to 2 is 16974[mm]
Beacon from 15 to 4 is 17210[mm]
Beacon from 15 to 5 is 0[mm]
Beacon from 15 to 6 is 0[mm]
Beacon from 15 to 7 is 0[mm]
Beacon from 15 to 8 is 0[mm]
Beacon from 15 to 1 is 6579[mm]
Beacon from 15 to 3 is 6654[mm]
--  --
Beacon from 15 to 2 is 16816[mm]
Beacon from 15 to 4 is 17026[mm]
Beacon from 15 to 5 is 0[mm]
Beacon from 15 to 6 is 0[mm]
Beacon from 15 to 7 is 0[mm]
Beacon from 15 to 8 is 0[mm]
Beacon from 15 to 1 is 6676[mm]
Beacon from 15 to 3 is 6747[mm]
--  --
Beacon from 15 to 2 is 16816[mm]
Beacon from 15 to 4 is 17026[mm]
Beacon from 15 to 5 is 0[mm]
Beacon from 15 to 6 is 0[mm]
Beacon from 15 to 7 is 0[mm]
Beacon from 15 to 8 is 0[mm]
Beacon from 15 to 1 is 6676[mm]
Beacon from 15 to 3 is 6747[mm]
--  --
Beacon from 15 to 2 is 16692[mm]
Beacon from 15 to 4 is 16816[mm]
Beacon from 15 to 5 is 0[mm]
Beacon from 15 to 6 is 0[mm]
Beacon from 15 to 7 is 0[mm]
Beacon from 15 to 8 is 0[mm]
Beacon from 15 to 1 is 6770[mm]
Beacon from 15 to 3 is 6838[mm]
--  --
Beacon from 15 to 2 is 16692[mm]
Beacon from 15 to 4 is 16816[mm]
Beacon from 15 to 5 is 0[mm]
Beacon from 15 to 6 is 0[mm]
Beacon from 15 to 7 is 0[mm]
Beacon from 15 to 8 is 0[mm]
Beacon from 15 to 1 is 6770[mm]
Beacon from 15 to 3 is 6838[mm]
--  --
Beacon from 15 to 2 is 16510[mm]
Beacon from 15 to 4 is 16649[mm]
Beacon from 15 to 5 is 0[mm]
Beacon from 15 to 6 is 0[mm]
Beacon from 15 to 7 is 0[mm]
Beacon from 15 to 8 is 0[mm]
Beacon from 15 to 1 is 6873[mm]
Beacon from 15 to 3 is 6926[mm]
--  --
Beacon from 15 to 2 is 16510[mm]
Beacon from 15 to 4 is 16649[mm]
Beacon from 15 to 5 is 0[mm]
Beacon from 15 to 6 is 0[mm]
Beacon from 15 to 7 is 0[mm]
Beacon from 15 to 8 is 0[mm]
Beacon from 15 to 1 is 6976[mm]
Beacon from 15 to 3 is 6926[mm]
--  --
Beacon from 15 to 2 is 16382[mm]
Beacon from 15 to 4 is 16456[mm]
Beacon from 15 to 5 is 0[mm]
Beacon from 15 to 6 is 0[mm]
Beacon from 15 to 7 is 0[mm]
Beacon from 15 to 8 is 0[mm]
Beacon from 15 to 1 is 6976[mm]
Beacon from 15 to 3 is 7026[mm]
--  --
Beacon from 15 to 2 is 0[mm]
Beacon from 15 to 4 is 16322[mm]
Beacon from 15 to 5 is 0[mm]
Beacon from 15 to 6 is 0[mm]
Beacon from 15 to 7 is 0[mm]
Beacon from 15 to 8 is 0[mm]
Beacon from 15 to 1 is 7078[mm]
Beacon from 15 to 3 is 7132[mm]
--  --
Beacon from 15 to 2 is 0[mm]
Beacon from 15 to 4 is 16322[mm]
Beacon from 15 to 5 is 0[mm]
Beacon from 15 to 6 is 0[mm]
Beacon from 15 to 7 is 0[mm]
Beacon from 15 to 8 is 0[mm]
Beacon from 15 to 1 is 7078[mm]
Beacon from 15 to 3 is 7132[mm]
--  --
Beacon from 15 to 2 is 16037[mm]
Beacon from 15 to 4 is 16178[mm]
Beacon from 15 to 5 is 0[mm]
Beacon from 15 to 6 is 0[mm]
Beacon from 15 to 7 is 0[mm]
Beacon from 15 to 8 is 0[mm]
Beacon from 15 to 1 is 7179[mm]
Beacon from 15 to 3 is 7236[mm]
--  --
Beacon from 15 to 2 is 16037[mm]
Beacon from 15 to 4 is 16178[mm]
Beacon from 15 to 5 is 0[mm]
Beacon from 15 to 6 is 0[mm]
Beacon from 15 to 7 is 0[mm]
Beacon from 15 to 8 is 0[mm]
Beacon from 15 to 1 is 7179[mm]
Beacon from 15 to 3 is 7236[mm]
--  --
Beacon from 15 to 2 is 15885[mm]
Beacon from 15 to 4 is 16060[mm]
Beacon from 15 to 5 is 0[mm]
Beacon from 15 to 6 is 0[mm]
Beacon from 15 to 7 is 0[mm]
Beacon from 15 to 8 is 0[mm]
Beacon from 15 to 1 is 7284[mm]
Beacon from 15 to 3 is 7351[mm]
--  --
Beacon from 15 to 2 is 15732[mm]
Beacon from 15 to 4 is 16060[mm]
Beacon from 15 to 5 is 0[mm]
Beacon from 15 to 6 is 0[mm]
Beacon from 15 to 7 is 0[mm]
Beacon from 15 to 8 is 0[mm]
Beacon from 15 to 1 is 7390[mm]
Beacon from 15 to 3 is 7351[mm]
--  --
Beacon from 15 to 2 is 15732[mm]
Beacon from 15 to 4 is 15878[mm]
Beacon from 15 to 5 is 0[mm]
Beacon from 15 to 6 is 0[mm]
Beacon from 15 to 7 is 0[mm]
Beacon from 15 to 8 is 0[mm]
Beacon from 15 to 1 is 7390[mm]
Beacon from 15 to 3 is 7458[mm]
--  --
Beacon from 15 to 2 is 15579[mm]
Beacon from 15 to 4 is 15732[mm]
Beacon from 15 to 5 is 0[mm]
Beacon from 15 to 6 is 0[mm]
Beacon from 15 to 7 is 0[mm]
Beacon from 15 to 8 is 0[mm]
Beacon from 15 to 1 is 7493[mm]
Beacon from 15 to 3 is 7564[mm]
--  --
Beacon from 15 to 2 is 15579[mm]
Beacon from 15 to 4 is 15732[mm]
Beacon from 15 to 5 is 0[mm]
Beacon from 15 to 6 is 0[mm]
Beacon from 15 to 7 is 0[mm]
Beacon from 15 to 8 is 0[mm]
Beacon from 15 to 1 is 7493[mm]
Beacon from 15 to 3 is 7564[mm]
--  --
Beacon from 15 to 2 is 15434[mm]
Beacon from 15 to 4 is 15574[mm]
Beacon from 15 to 5 is 0[mm]
Beacon from 15 to 6 is 0[mm]
Beacon from 15 to 7 is 0[mm]
Beacon from 15 to 8 is 0[mm]
Beacon from 15 to 1 is 7608[mm]
Beacon from 15 to 3 is 7659[mm]
--  --
Beacon from 15 to 2 is 15434[mm]
Beacon from 15 to 4 is 15574[mm]
Beacon from 15 to 5 is 0[mm]
Beacon from 15 to 6 is 0[mm]
Beacon from 15 to 7 is 0[mm]
Beacon from 15 to 8 is 0[mm]
Beacon from 15 to 1 is 7608[mm]
Beacon from 15 to 3 is 7659[mm]
--  --
Beacon from 15 to 2 is 15298[mm]
Beacon from 15 to 4 is 15413[mm]
Beacon from 15 to 5 is 0[mm]
Beacon from 15 to 6 is 0[mm]
Beacon from 15 to 7 is 0[mm]
Beacon from 15 to 8 is 0[mm]
Beacon from 15 to 1 is 7725[mm]
Beacon from 15 to 3 is 7764[mm]
--  --
Beacon from 15 to 2 is 15140[mm]
Beacon from 15 to 4 is 15259[mm]
Beacon from 15 to 5 is 0[mm]
Beacon from 15 to 6 is 0[mm]
Beacon from 15 to 7 is 0[mm]
Beacon from 15 to 8 is 0[mm]
Beacon from 15 to 1 is 7836[mm]
Beacon from 15 to 3 is 7881[mm]
--  --
Beacon from 15 to 2 is 15140[mm]
Beacon from 15 to 4 is 15259[mm]
Beacon from 15 to 5 is 0[mm]
Beacon from 15 to 6 is 0[mm]
Beacon from 15 to 7 is 0[mm]
Beacon from 15 to 8 is 0[mm]
Beacon from 15 to 1 is 7836[mm]
Beacon from 15 to 3 is 7881[mm]
--  --
Beacon from 15 to 2 is 14985[mm]
Beacon from 15 to 4 is 15070[mm]
Beacon from 15 to 5 is 0[mm]
Beacon from 15 to 6 is 0[mm]
Beacon from 15 to 7 is 0[mm]
Beacon from 15 to 8 is 0[mm]
Beacon from 15 to 1 is 7962[mm]
Beacon from 15 to 3 is 8006[mm]
--  --
Beacon from 15 to 2 is 14985[mm]
Beacon from 15 to 4 is 15070[mm]
Beacon from 15 to 5 is 0[mm]
Beacon from 15 to 6 is 0[mm]
Beacon from 15 to 7 is 0[mm]
Beacon from 15 to 8 is 0[mm]
Beacon from 15 to 1 is 7962[mm]
Beacon from 15 to 3 is 8006[mm]
--  --
Beacon from 15 to 2 is 14833[mm]
Beacon from 15 to 4 is 14965[mm]
Beacon from 15 to 5 is 0[mm]
Beacon from 15 to 6 is 0[mm]
Beacon from 15 to 7 is 0[mm]
Beacon from 15 to 8 is 0[mm]
Beacon from 15 to 1 is 8077[mm]
Beacon from 15 to 3 is 8128[mm]
--  --
Beacon from 15 to 2 is 14833[mm]
Beacon from 15 to 4 is 14965[mm]
Beacon from 15 to 5 is 0[mm]
Beacon from 15 to 6 is 0[mm]
Beacon from 15 to 7 is 0[mm]
Beacon from 15 to 8 is 0[mm]
Beacon from 15 to 1 is 8077[mm]
Beacon from 15 to 3 is 8128[mm]
--  --
Beacon from 15 to 2 is 14691[mm]
Beacon from 15 to 4 is 14812[mm]
Beacon from 15 to 5 is 0[mm]
Beacon from 15 to 6 is 0[mm]
Beacon from 15 to 7 is 0[mm]
Beacon from 15 to 8 is 0[mm]
Beacon from 15 to 1 is 8196[mm]
Beacon from 15 to 3 is 8245[mm]
--  --
Beacon from 15 to 2 is 14530[mm]
Beacon from 15 to 4 is 14643[mm]
Beacon from 15 to 5 is 0[mm]
Beacon from 15 to 6 is 0[mm]
Beacon from 15 to 7 is 0[mm]
Beacon from 15 to 8 is 0[mm]
Beacon from 15 to 1 is 8339[mm]
Beacon from 15 to 3 is 8377[mm]
--  --
Beacon from 15 to 2 is 14530[mm]
Beacon from 15 to 4 is 14643[mm]
Beacon from 15 to 5 is 0[mm]
Beacon from 15 to 6 is 0[mm]
Beacon from 15 to 7 is 0[mm]
Beacon from 15 to 8 is 0[mm]
Beacon from 15 to 1 is 8339[mm]
Beacon from 15 to 3 is 8377[mm]
--  --
Beacon from 15 to 2 is 14378[mm]
Beacon from 15 to 4 is 14453[mm]
Beacon from 15 to 5 is 0[mm]
Beacon from 15 to 6 is 0[mm]
Beacon from 15 to 7 is 0[mm]
Beacon from 15 to 8 is 0[mm]
Beacon from 15 to 1 is 8462[mm]
Beacon from 15 to 3 is 8512[mm]
--  --
Beacon from 15 to 2 is 14378[mm]
Beacon from 15 to 4 is 14453[mm]
Beacon from 15 to 5 is 0[mm]
Beacon from 15 to 6 is 0[mm]
Beacon from 15 to 7 is 0[mm]
Beacon from 15 to 8 is 0[mm]
Beacon from 15 to 1 is 8462[mm]
Beacon from 15 to 3 is 8512[mm]
--  --
Beacon from 15 to 2 is 14194[mm]
Beacon from 15 to 4 is 14319[mm]
Beacon from 15 to 5 is 0[mm]
Beacon from 15 to 6 is 0[mm]
Beacon from 15 to 7 is 0[mm]
Beacon from 15 to 8 is 0[mm]
Beacon from 15 to 1 is 8608[mm]
Beacon from 15 to 3 is 8647[mm]
--  --
Beacon from 15 to 2 is 14194[mm]
Beacon from 15 to 4 is 14319[mm]
Beacon from 15 to 5 is 0[mm]
Beacon from 15 to 6 is 0[mm]
Beacon from 15 to 7 is 0[mm]
Beacon from 15 to 8 is 0[mm]
Beacon from 15 to 1 is 8692[mm]
Beacon from 15 to 3 is 8647[mm]
--  --
Beacon from 15 to 2 is 0[mm]
Beacon from 15 to 4 is 14150[mm]
Beacon from 15 to 5 is 0[mm]
Beacon from 15 to 6 is 0[mm]
Beacon from 15 to 7 is 0[mm]
Beacon from 15 to 8 is 0[mm]
Beacon from 15 to 1 is 8692[mm]
Beacon from 15 to 3 is 8785[mm]
--  --
Beacon from 15 to 2 is 13835[mm]
Beacon from 15 to 4 is 13976[mm]
Beacon from 15 to 5 is 0[mm]
Beacon from 15 to 6 is 0[mm]
Beacon from 15 to 7 is 0[mm]
Beacon from 15 to 8 is 0[mm]
Beacon from 15 to 1 is 8827[mm]
Beacon from 15 to 3 is 8932[mm]
--  --
Beacon from 15 to 2 is 13835[mm]
Beacon from 15 to 4 is 13976[mm]
Beacon from 15 to 5 is 0[mm]
Beacon from 15 to 6 is 0[mm]
Beacon from 15 to 7 is 0[mm]
Beacon from 15 to 8 is 0[mm]
Beacon from 15 to 1 is 8827[mm]
Beacon from 15 to 3 is 8932[mm]
--  --
Beacon from 15 to 2 is 13745[mm]
Beacon from 15 to 4 is 13800[mm]
Beacon from 15 to 5 is 0[mm]
Beacon from 15 to 6 is 0[mm]
Beacon from 15 to 7 is 0[mm]
Beacon from 15 to 8 is 0[mm]
Beacon from 15 to 1 is 8972[mm]
Beacon from 15 to 3 is 9076[mm]
--  --
Beacon from 15 to 2 is 13745[mm]
Beacon from 15 to 4 is 13800[mm]
Beacon from 15 to 5 is 0[mm]
Beacon from 15 to 6 is 0[mm]
Beacon from 15 to 7 is 0[mm]
Beacon from 15 to 8 is 0[mm]
Beacon from 15 to 1 is 8972[mm]
Beacon from 15 to 3 is 9076[mm]
--  --
Beacon from 15 to 2 is 13556[mm]
Beacon from 15 to 4 is 13631[mm]
Beacon from 15 to 5 is 0[mm]
Beacon from 15 to 6 is 0[mm]
Beacon from 15 to 7 is 0[mm]
Beacon from 15 to 8 is 0[mm]
Beacon from 15 to 1 is 9139[mm]
Beacon from 15 to 3 is 9234[mm]
--  --
Beacon from 15 to 2 is 13338[mm]
Beacon from 15 to 4 is 13631[mm]
Beacon from 15 to 5 is 0[mm]
Beacon from 15 to 6 is 0[mm]
Beacon from 15 to 7 is 0[mm]
Beacon from 15 to 8 is 0[mm]
Beacon from 15 to 1 is 9305[mm]
Beacon from 15 to 3 is 9384[mm]
--  --
Beacon from 15 to 2 is 13338[mm]
Beacon from 15 to 4 is 13440[mm]
Beacon from 15 to 5 is 0[mm]
Beacon from 15 to 6 is 0[mm]
Beacon from 15 to 7 is 0[mm]
Beacon from 15 to 8 is 0[mm]
Beacon from 15 to 1 is 9305[mm]
Beacon from 15 to 3 is 9384[mm]
--  --
Beacon from 15 to 2 is 13182[mm]
Beacon from 15 to 4 is 13268[mm]
Beacon from 15 to 5 is 0[mm]
Beacon from 15 to 6 is 0[mm]
Beacon from 15 to 7 is 0[mm]
Beacon from 15 to 8 is 0[mm]
Beacon from 15 to 1 is 9465[mm]
Beacon from 15 to 3 is 0[mm]
--  --
Beacon from 15 to 2 is 13182[mm]
Beacon from 15 to 4 is 13268[mm]
Beacon from 15 to 5 is 0[mm]
Beacon from 15 to 6 is 0[mm]
Beacon from 15 to 7 is 0[mm]
Beacon from 15 to 8 is 0[mm]
Beacon from 15 to 1 is 9465[mm]
Beacon from 15 to 3 is 0[mm]
--  --
Beacon from 15 to 2 is 12982[mm]
Beacon from 15 to 4 is 13092[mm]
Beacon from 15 to 5 is 0[mm]
Beacon from 15 to 6 is 0[mm]
Beacon from 15 to 7 is 0[mm]
Beacon from 15 to 8 is 0[mm]
Beacon from 15 to 1 is 9627[mm]
Beacon from 15 to 3 is 9693[mm]
--  --
Beacon from 15 to 2 is 12982[mm]
Beacon from 15 to 4 is 13092[mm]
Beacon from 15 to 5 is 0[mm]
Beacon from 15 to 6 is 0[mm]
Beacon from 15 to 7 is 0[mm]
Beacon from 15 to 8 is 0[mm]
Beacon from 15 to 1 is 9627[mm]
Beacon from 15 to 3 is 9693[mm]
--  --
Beacon from 15 to 2 is 12833[mm]
Beacon from 15 to 4 is 12903[mm]
Beacon from 15 to 5 is 0[mm]
Beacon from 15 to 6 is 0[mm]
Beacon from 15 to 7 is 0[mm]
Beacon from 15 to 8 is 0[mm]
Beacon from 15 to 1 is 9797[mm]
Beacon from 15 to 3 is 9842[mm]
--  --
Beacon from 15 to 2 is 12633[mm]
Beacon from 15 to 4 is 12746[mm]
Beacon from 15 to 5 is 0[mm]
Beacon from 15 to 6 is 0[mm]
Beacon from 15 to 7 is 0[mm]
Beacon from 15 to 8 is 0[mm]
Beacon from 15 to 1 is 9985[mm]
Beacon from 15 to 3 is 9993[mm]
--  --
Beacon from 15 to 2 is 12633[mm]
Beacon from 15 to 4 is 12746[mm]
Beacon from 15 to 5 is 0[mm]
Beacon from 15 to 6 is 0[mm]
Beacon from 15 to 7 is 0[mm]
Beacon from 15 to 8 is 0[mm]
Beacon from 15 to 1 is 9985[mm]
Beacon from 15 to 3 is 9993[mm]
--  --
Beacon from 15 to 2 is 12517[mm]
Beacon from 15 to 4 is 12604[mm]
Beacon from 15 to 5 is 0[mm]
Beacon from 15 to 6 is 0[mm]
Beacon from 15 to 7 is 0[mm]
Beacon from 15 to 8 is 0[mm]
Beacon from 15 to 1 is 10113[mm]
Beacon from 15 to 3 is 10152[mm]
--  --
Beacon from 15 to 2 is 12517[mm]
Beacon from 15 to 4 is 12604[mm]
Beacon from 15 to 5 is 0[mm]
Beacon from 15 to 6 is 0[mm]
Beacon from 15 to 7 is 0[mm]
Beacon from 15 to 8 is 0[mm]
Beacon from 15 to 1 is 10113[mm]
Beacon from 15 to 3 is 10152[mm]
--  --
Beacon from 15 to 2 is 12294[mm]
Beacon from 15 to 4 is 12395[mm]
Beacon from 15 to 5 is 0[mm]
Beacon from 15 to 6 is 0[mm]
Beacon from 15 to 7 is 0[mm]
Beacon from 15 to 8 is 0[mm]
Beacon from 15 to 1 is 10275[mm]
Beacon from 15 to 3 is 10323[mm]
--  --
Beacon from 15 to 2 is 12294[mm]
Beacon from 15 to 4 is 12395[mm]
Beacon from 15 to 5 is 0[mm]
Beacon from 15 to 6 is 0[mm]
Beacon from 15 to 7 is 0[mm]
Beacon from 15 to 8 is 0[mm]
Beacon from 15 to 1 is 10416[mm]
Beacon from 15 to 3 is 10323[mm]
--  --
Beacon from 15 to 2 is 12144[mm]
Beacon from 15 to 4 is 12283[mm]
Beacon from 15 to 5 is 0[mm]
Beacon from 15 to 6 is 0[mm]
Beacon from 15 to 7 is 31202[mm]
Beacon from 15 to 8 is 0[mm]
Beacon from 15 to 1 is 10416[mm]
Beacon from 15 to 3 is 10448[mm]
--  --
Beacon from 15 to 2 is 11985[mm]
Beacon from 15 to 4 is 12137[mm]
Beacon from 15 to 5 is 0[mm]
Beacon from 15 to 6 is 0[mm]
Beacon from 15 to 7 is 31202[mm]
Beacon from 15 to 8 is 0[mm]
Beacon from 15 to 1 is 10572[mm]
Beacon from 15 to 3 is 10605[mm]
--  --
Beacon from 15 to 2 is 11985[mm]
Beacon from 15 to 4 is 12137[mm]
Beacon from 15 to 5 is 0[mm]
Beacon from 15 to 6 is 0[mm]
Beacon from 15 to 7 is 31202[mm]
Beacon from 15 to 8 is 0[mm]
Beacon from 15 to 1 is 10572[mm]
Beacon from 15 to 3 is 10605[mm]
--  --
Beacon from 15 to 2 is 11867[mm]
Beacon from 15 to 4 is 11918[mm]
Beacon from 15 to 5 is 0[mm]
Beacon from 15 to 6 is 0[mm]
Beacon from 15 to 7 is 31202[mm]
Beacon from 15 to 8 is 15407[mm]
Beacon from 15 to 1 is 10723[mm]
Beacon from 15 to 3 is 10755[mm]
--  --
Beacon from 15 to 2 is 11867[mm]
Beacon from 15 to 4 is 11918[mm]
Beacon from 15 to 5 is 0[mm]
Beacon from 15 to 6 is 0[mm]
Beacon from 15 to 7 is 31202[mm]
Beacon from 15 to 8 is 15407[mm]
Beacon from 15 to 1 is 10723[mm]
Beacon from 15 to 3 is 10755[mm]
--  --
Beacon from 15 to 2 is 11675[mm]
Beacon from 15 to 4 is 11772[mm]
Beacon from 15 to 5 is 0[mm]
Beacon from 15 to 6 is 0[mm]
Beacon from 15 to 7 is 31202[mm]
Beacon from 15 to 8 is 15407[mm]
Beacon from 15 to 1 is 10873[mm]
Beacon from 15 to 3 is 10903[mm]
--  --
Beacon from 15 to 2 is 11522[mm]
Beacon from 15 to 4 is 11772[mm]
Beacon from 15 to 5 is 0[mm]
Beacon from 15 to 6 is 0[mm]
Beacon from 15 to 7 is 31202[mm]
Beacon from 15 to 8 is 15407[mm]
Beacon from 15 to 1 is 11028[mm]
Beacon from 15 to 3 is 10903[mm]
--  --
Beacon from 15 to 2 is 11522[mm]
Beacon from 15 to 4 is 11633[mm]
Beacon from 15 to 5 is 0[mm]
Beacon from 15 to 6 is 0[mm]
Beacon from 15 to 7 is 31202[mm]
Beacon from 15 to 8 is 15407[mm]
Beacon from 15 to 1 is 11028[mm]
Beacon from 15 to 3 is 11057[mm]
--  --
Beacon from 15 to 2 is 11361[mm]
Beacon from 15 to 4 is 11495[mm]
Beacon from 15 to 5 is 0[mm]
Beacon from 15 to 6 is 0[mm]
Beacon from 15 to 7 is 31202[mm]
Beacon from 15 to 8 is 15407[mm]
Beacon from 15 to 1 is 11186[mm]
Beacon from 15 to 3 is 11210[mm]
--  --
Beacon from 15 to 2 is 11361[mm]
Beacon from 15 to 4 is 11495[mm]
Beacon from 15 to 5 is 0[mm]
Beacon from 15 to 6 is 0[mm]
Beacon from 15 to 7 is 31202[mm]
Beacon from 15 to 8 is 15407[mm]
Beacon from 15 to 1 is 11186[mm]
Beacon from 15 to 3 is 11210[mm]
--  --
Beacon from 15 to 2 is 11208[mm]
Beacon from 15 to 4 is 11310[mm]
Beacon from 15 to 5 is 0[mm]
Beacon from 15 to 6 is 0[mm]
Beacon from 15 to 7 is 31202[mm]
Beacon from 15 to 8 is 15407[mm]
Beacon from 15 to 1 is 11358[mm]
Beacon from 15 to 3 is 11378[mm]
--  --
Beacon from 15 to 2 is 11208[mm]
Beacon from 15 to 4 is 11310[mm]
Beacon from 15 to 5 is 0[mm]
Beacon from 15 to 6 is 0[mm]
Beacon from 15 to 7 is 31202[mm]
Beacon from 15 to 8 is 15407[mm]
Beacon from 15 to 1 is 11358[mm]
Beacon from 15 to 3 is 11378[mm]
--  --
Beacon from 15 to 2 is 11025[mm]
Beacon from 15 to 4 is 11140[mm]
Beacon from 15 to 5 is 30085[mm]
Beacon from 15 to 6 is 0[mm]
Beacon from 15 to 7 is 31202[mm]
Beacon from 15 to 8 is 15407[mm]
Beacon from 15 to 1 is 11524[mm]
Beacon from 15 to 3 is 11555[mm]
--  --
Beacon from 15 to 2 is 10872[mm]
Beacon from 15 to 4 is 11140[mm]
Beacon from 15 to 5 is 30085[mm]
Beacon from 15 to 6 is 0[mm]
Beacon from 15 to 7 is 31202[mm]
Beacon from 15 to 8 is 15407[mm]
Beacon from 15 to 1 is 11682[mm]
Beacon from 15 to 3 is 11733[mm]
--  --
Beacon from 15 to 2 is 10872[mm]
Beacon from 15 to 4 is 11034[mm]
Beacon from 15 to 5 is 30085[mm]
Beacon from 15 to 6 is 0[mm]
Beacon from 15 to 7 is 29797[mm]
Beacon from 15 to 8 is 15407[mm]
Beacon from 15 to 1 is 11682[mm]
Beacon from 15 to 3 is 11733[mm]
--  --
Beacon from 15 to 2 is 10695[mm]
Beacon from 15 to 4 is 10809[mm]
Beacon from 15 to 5 is 30085[mm]
Beacon from 15 to 6 is 0[mm]
Beacon from 15 to 7 is 29797[mm]
Beacon from 15 to 8 is 15407[mm]
Beacon from 15 to 1 is 11851[mm]
Beacon from 15 to 3 is 11893[mm]
--  --
Beacon from 15 to 2 is 10695[mm]
Beacon from 15 to 4 is 10809[mm]
Beacon from 15 to 5 is 30085[mm]
Beacon from 15 to 6 is 0[mm]
Beacon from 15 to 7 is 29797[mm]
Beacon from 15 to 8 is 15407[mm]
Beacon from 15 to 1 is 11851[mm]
Beacon from 15 to 3 is 11893[mm]
--  --
Beacon from 15 to 2 is 10526[mm]
Beacon from 15 to 4 is 10646[mm]
Beacon from 15 to 5 is 30085[mm]
Beacon fro